[08-Oct-2019 01:35:26 America/Bogota] Array
(
    [clase] => Envio
    [accion] => enviarCorreo
    [data] => Array
        (
            [name] => ewq
            [email] => cristianfernandoduran@gmail.com
            [phone] => 231
            [company] => 323
            [message] => 342
        )

)

[08-Oct-2019 01:35:29 America/Bogota] jajaja
[08-Oct-2019 01:36:43 America/Bogota] Array
(
    [clase] => Envio
    [accion] => enviarCorreo
    [data] => Array
        (
            [name] => ewq
            [email] => cristianfernandoduran@gmail.com
            [phone] => 231
            [company] => 323
            [message] => 342
        )

)

[08-Oct-2019 01:36:47 America/Bogota] jajaja
[08-Oct-2019 01:40:03 America/Bogota] Array
(
    [clase] => Envio
    [accion] => enviarCorreo
    [data] => Array
        (
            [name] => ewq
            [email] => cristianfernandoduran@gmail.com
            [phone] => 231
            [company] => 323
            [message] => 342
        )

)

[08-Oct-2019 01:40:06 America/Bogota] jajaja
[08-Oct-2019 10:50:39 America/Bogota] Array
(
    [clase] => Envio
    [accion] => enviarCorreo
    [data] => Array
        (
            [name] => 
            [email] => 
            [phone] => 
            [company] => 
            [message] => 
        )

)

[08-Oct-2019 10:50:39 America/Bogota] Array
(
    [clase] => Envio
    [accion] => enviarCorreo
    [data] => Array
        (
            [name] => 
            [email] => 
            [phone] => 
            [company] => 
            [message] => 
        )

)

[08-Oct-2019 10:50:41 America/Bogota] Array
(
    [clase] => Envio
    [accion] => enviarCorreo
    [data] => Array
        (
            [name] => 
            [email] => 
            [phone] => 
            [company] => 
            [message] => 
        )

)

[08-Oct-2019 10:50:41 America/Bogota] Array
(
    [clase] => Envio
    [accion] => enviarCorreo
    [data] => Array
        (
            [name] => 
            [email] => 
            [phone] => 
            [company] => 
            [message] => 
        )

)

[08-Oct-2019 10:50:43 America/Bogota] jajaja
[08-Oct-2019 10:50:43 America/Bogota] jajaja
[08-Oct-2019 10:50:44 America/Bogota] jajaja
[08-Oct-2019 10:50:45 America/Bogota] jajaja
[08-Oct-2019 11:00:06 America/Bogota] Array
(
    [clase] => Envio
    [accion] => enviarCorreo
    [data] => Array
        (
            [name] => 
            [email] => 
            [phone] => 
            [company] => 
            [message] => 
        )

)

[08-Oct-2019 11:00:09 America/Bogota] jajaja
[08-Oct-2019 11:11:54 America/Bogota] Array
(
    [clase] => Envio
    [accion] => enviarCorreo
    [data] => Array
        (
            [name] => 
            [email] => 
            [phone] => 
            [company] => 
            [message] => 
        )

)

[08-Oct-2019 11:11:57 America/Bogota] jajaja
[08-Oct-2019 11:30:17 America/Bogota] Array
(
    [clase] => Envio
    [accion] => enviarCorreo
    [data] => Array
        (
            [name] => 
            [email] => 
            [phone] => 
            [company] => 
            [message] => 
        )

)

[08-Oct-2019 11:30:20 America/Bogota] jajaja
[08-Oct-2019 13:57:17 America/Bogota] Array
(
    [clase] => Envio
    [accion] => enviarCorreo
    [data] => Array
        (
            [name] => 
            [email] => 
            [phone] => 
            [company] => 
            [message] => 
        )

)

[08-Oct-2019 13:57:17 America/Bogota] PHP Warning:  include_once(../modelo/swiftmailer/Envio.php): failed to open stream: No such file or directory in C:\xampp\htdocs\proyecto_final_sales1\controlador\fachada.php on line 34
[08-Oct-2019 13:57:17 America/Bogota] PHP Warning:  include_once(): Failed opening '../modelo/swiftmailer/Envio.php' for inclusion (include_path='C:\xampp\php\PEAR') in C:\xampp\htdocs\proyecto_final_sales1\controlador\fachada.php on line 34
[08-Oct-2019 13:57:17 America/Bogota] PHP Fatal error:  Uncaught Error: Class 'Envio' not found in C:\xampp\htdocs\proyecto_final_sales1\controlador\fachada.php:35
Stack trace:
#0 C:\xampp\htdocs\proyecto_final_sales1\controlador\fachada.php(22): Controlador->ejecutar(Array)
#1 C:\xampp\htdocs\proyecto_final_sales1\controlador\fachada.php(3): Controlador->__construct()
#2 {main}
  thrown in C:\xampp\htdocs\proyecto_final_sales1\controlador\fachada.php on line 35
[08-Oct-2019 13:58:51 America/Bogota] Array
(
    [clase] => Envio
    [accion] => enviarCorreo
    [data] => Array
        (
            [name] => 
            [email] => 
            [phone] => 
            [company] => 
            [message] => 
        )

)

[08-Oct-2019 13:58:51 America/Bogota] PHP Warning:  require_once(./servicios/swiftmailer/vendor/autoload.php): failed to open stream: No such file or directory in C:\xampp\htdocs\proyecto_final_sales1\modelo\Envio.php on line 3
[08-Oct-2019 13:58:51 America/Bogota] PHP Fatal error:  require_once(): Failed opening required './servicios/swiftmailer/vendor/autoload.php' (include_path='C:\xampp\php\PEAR') in C:\xampp\htdocs\proyecto_final_sales1\modelo\Envio.php on line 3
[08-Oct-2019 13:59:28 America/Bogota] Array
(
    [clase] => Envio
    [accion] => enviarCorreo
    [data] => Array
        (
            [name] => 
            [email] => 
            [phone] => 
            [company] => 
            [message] => 
        )

)

[08-Oct-2019 13:59:28 America/Bogota] pase por aqui
[08-Oct-2019 19:22:30 America/Bogota] Array
(
    [clase] => Envio
    [accion] => enviarCorreo
    [data] => Array
        (
            [name] => dsfa
            [email] => cristianfernandoduran@gmail.com
            [phone] => 3123938213
            [company] => dsaf
            [message] => djfs sfjs sjfs dfs s fsjf sl
        )

)

[08-Oct-2019 19:22:35 America/Bogota] Array
(
    [clase] => Envio
    [accion] => enviarCorreo
    [data] => Array
        (
            [name] => dsfa
            [email] => cristianfernandoduran@gmail.com
            [phone] => 3123938213
            [company] => dsaf
            [message] => djfs sfjs sjfs dfs s fsjf sl
        )

)

[08-Oct-2019 19:41:58 America/Bogota] Array
(
    [clase] => Envio
    [accion] => enviarCorreo
    [data] => Array
        (
            [name] => 
            [email] => 
            [phone] => 
            [company] => 
            [message] => 
        )

)

[08-Oct-2019 19:42:03 America/Bogota] Array
(
    [clase] => Envio
    [accion] => enviarCorreo
    [data] => Array
        (
            [name] => 
            [email] => 
            [phone] => 
            [company] => 
            [message] => 
        )

)

[08-Oct-2019 19:42:47 America/Bogota] Array
(
    [clase] => Envio
    [accion] => enviarCorreo
    [data] => Array
        (
            [name] => 
            [email] => 
            [phone] => 
            [company] => 
            [message] => 
        )

)

[08-Oct-2019 19:42:57 America/Bogota] Array
(
    [clase] => Envio
    [accion] => enviarCorreo
    [data] => Array
        (
            [name] => 
            [email] => 
            [phone] => 
            [company] => 
            [message] => 
        )

)

[08-Oct-2019 19:43:31 America/Bogota] Array
(
    [clase] => Envio
    [accion] => enviarCorreo
    [data] => Array
        (
            [name] => 
            [email] => 
            [phone] => 
            [company] => 
            [message] => 
        )

)

[08-Oct-2019 20:10:11 America/Bogota] Array
(
    [clase] => Envio
    [accion] => enviarCorreo
    [data] => Array
        (
            [name] => dsfa
            [email] => cristianfernandoduran@gmail.com
            [phone] => 3123938213
            [company] => 323
            [message] => kajaj ajaja
        )

)

[08-Oct-2019 20:14:35 America/Bogota] Array
(
    [clase] => Envio
    [accion] => enviarCorreo
    [data] => Array
        (
            [name] => 
            [email] => 
            [phone] => 
            [company] => 
            [message] => 
        )

)

[08-Oct-2019 20:15:10 America/Bogota] Array
(
    [clase] => Envio
    [accion] => enviarCorreo
    [data] => Array
        (
            [name] => 
            [email] => 
            [phone] => 
            [company] => 
            [message] => 
        )

)

[08-Oct-2019 20:20:03 America/Bogota] Array
(
    [clase] => Envio
    [accion] => enviarCorreo
    [data] => Array
        (
            [name] => 
            [email] => 
            [phone] => 
            [company] => 
            [message] => 
        )

)

[08-Oct-2019 20:25:34 America/Bogota] Array
(
    [clase] => Envio
    [accion] => enviarCorreo
    [data] => Array
        (
            [name] => 
            [email] => 
            [phone] => 
            [company] => 
            [message] => 
        )

)

[08-Oct-2019 20:32:27 America/Bogota] Array
(
    [clase] => Envio
    [accion] => enviarCorreo
    [data] => Array
        (
            [name] => 
            [email] => 
            [phone] => 
            [company] => 
            [message] => 
        )

)

[08-Oct-2019 20:32:43 America/Bogota] Array
(
    [clase] => Envio
    [accion] => enviarCorreo
    [data] => Array
        (
            [name] => dsfa
            [email] => cristianfernandoduran@gmail.com
            [phone] => 3123938213
            [company] => hj
            [message] => dsf f sfds 
        )

)

[08-Oct-2019 20:33:04 America/Bogota] Array
(
    [clase] => Envio
    [accion] => enviarCorreo
    [data] => Array
        (
            [name] => 
            [email] => 
            [phone] => 
            [company] => 
            [message] => 
        )

)

[08-Oct-2019 20:33:12 America/Bogota] Array
(
    [clase] => Envio
    [accion] => enviarCorreo
    [data] => Array
        (
            [name] => 
            [email] => 
            [phone] => 
            [company] => 
            [message] => 
        )

)

[08-Oct-2019 20:34:15 America/Bogota] Array
(
    [clase] => Envio
    [accion] => enviarCorreo
    [data] => Array
        (
            [name] => 
            [email] => 
            [phone] => 
            [company] => 
            [message] => 
        )

)

[08-Oct-2019 20:34:23 America/Bogota] Array
(
    [clase] => Envio
    [accion] => enviarCorreo
    [data] => Array
        (
            [name] => 
            [email] => 
            [phone] => 
            [company] => 
            [message] => 
        )

)

[08-Oct-2019 20:36:30 America/Bogota] Array
(
    [clase] => Envio
    [accion] => enviarCorreo
    [data] => Array
        (
            [name] => 
            [email] => 
            [phone] => 
            [company] => 
            [message] => 
        )

)

[08-Oct-2019 20:37:22 America/Bogota] Array
(
    [clase] => Envio
    [accion] => enviarCorreo
    [data] => Array
        (
            [name] => 
            [email] => 
            [phone] => 
            [company] => 
            [message] => 
        )

)

[08-Oct-2019 20:40:34 America/Bogota] Array
(
    [clase] => Envio
    [accion] => enviarCorreo
    [data] => Array
        (
            [name] => 
            [email] => 
            [phone] => 
            [company] => 
            [message] => 
        )

)

[08-Oct-2019 20:40:57 America/Bogota] Array
(
    [clase] => Envio
    [accion] => enviarCorreo
    [data] => Array
        (
            [name] => df
            [email] => dsf@sdfs.com
            [phone] => 3214
            [company] => 13431
            [message] => dsf sfda asdf a
        )

)

[08-Oct-2019 20:41:56 America/Bogota] Array
(
    [clase] => Envio
    [accion] => enviarCorreo
    [data] => Array
        (
            [name] => 
            [email] => 
            [phone] => 
            [company] => 
            [message] => 
        )

)

[08-Oct-2019 20:42:12 America/Bogota] Array
(
    [clase] => Envio
    [accion] => enviarCorreo
    [data] => Array
        (
            [name] => wqe
            [email] => eq
            [phone] => eq
            [company] => eq
            [message] => qwe eq qeq
        )

)

[08-Oct-2019 20:42:34 America/Bogota] Array
(
    [clase] => Envio
    [accion] => enviarCorreo
    [data] => Array
        (
            [name] => dsf
            [email] => ds@dfs.com
            [phone] => 41
            [company] => 34323
            [message] => sdf erqer  qwr q
        )

)

[09-Oct-2019 00:01:39 America/Bogota] Array
(
    [clase] => Envio
    [accion] => enviarCorreo
    [data] => Array
        (
            [name] => 
            [email] => 
            [phone] => 
            [company] => 
            [message] => 
        )

)

[09-Oct-2019 00:03:17 America/Bogota] Array
(
    [clase] => Envio
    [accion] => enviarCorreo
    [data] => Array
        (
            [name] => 
            [email] => 
            [phone] => 
            [company] => 
            [message] => 
        )

)

[09-Oct-2019 00:05:40 America/Bogota] Array
(
    [clase] => Envio
    [accion] => enviarCorreo
    [data] => Array
        (
            [name] => 
            [email] => 
            [phone] => 
            [company] => 
            [message] => 
        )

)

[09-Oct-2019 00:07:09 America/Bogota] Array
(
    [clase] => Envio
    [accion] => enviarCorreo
    [data] => Array
        (
            [name] => 
            [email] => 
            [phone] => 
            [company] => 
            [message] => 
        )

)

[09-Oct-2019 00:09:09 America/Bogota] Array
(
    [clase] => Envio
    [accion] => enviarCorreo
    [data] => Array
        (
            [name] => 
            [email] => 
            [phone] => 
            [company] => 
            [message] => 
        )

)

[09-Oct-2019 00:13:31 America/Bogota] Array
(
    [clase] => Envio
    [accion] => enviarCorreo
    [data] => Array
        (
            [name] => 
            [email] => 
            [phone] => 
            [company] => 
            [message] => 
        )

)

[09-Oct-2019 00:20:48 America/Bogota] Array
(
    [clase] => Envio
    [accion] => enviarCorreo
    [data] => Array
        (
            [name] => 
            [email] => 
            [phone] => 
            [company] => 
            [message] => 
        )

)

[09-Oct-2019 00:21:24 America/Bogota] Array
(
    [clase] => Envio
    [accion] => enviarCorreo
    [data] => Array
        (
            [name] => 
            [email] => 
            [phone] => 
            [company] => 
            [message] => 
        )

)

[09-Oct-2019 00:23:27 America/Bogota] Array
(
    [clase] => Envio
    [accion] => enviarCorreo
    [data] => Array
        (
            [name] => 
            [email] => 
            [phone] => 
            [company] => 
            [message] => 
        )

)

[09-Oct-2019 00:28:11 America/Bogota] Array
(
    [clase] => Envio
    [accion] => enviarCorreo
    [data] => Array
        (
            [name] => 
            [email] => 
            [phone] => 
            [company] => 
            [message] => 
        )

)

[09-Oct-2019 00:28:37 America/Bogota] Array
(
    [clase] => Envio
    [accion] => enviarCorreo
    [data] => Array
        (
            [name] => 
            [email] => 
            [phone] => 
            [company] => 
            [message] => 
        )

)

[09-Oct-2019 00:31:11 America/Bogota] Array
(
    [clase] => Envio
    [accion] => enviarCorreo
    [data] => Array
        (
            [name] => 
            [email] => 
            [phone] => 
            [company] => 
            [message] => 
        )

)

[09-Oct-2019 00:34:18 America/Bogota] Array
(
    [clase] => Envio
    [accion] => enviarCorreo
    [data] => Array
        (
            [name] => 
            [email] => 
            [phone] => 
            [company] => 
            [message] => 
        )

)

[09-Oct-2019 00:35:15 America/Bogota] Array
(
    [clase] => Envio
    [accion] => enviarCorreo
    [data] => Array
        (
            [name] => 
            [email] => 
            [phone] => 
            [company] => 
            [message] => 
        )

)

[09-Oct-2019 00:37:50 America/Bogota] Array
(
    [clase] => Envio
    [accion] => enviarCorreo
    [data] => Array
        (
            [name] => 
            [email] => 
            [phone] => 
            [company] => 
            [message] => 
        )

)

[09-Oct-2019 00:38:36 America/Bogota] Array
(
    [clase] => Envio
    [accion] => enviarCorreo
    [data] => Array
        (
            [name] => 
            [email] => 
            [phone] => 
            [company] => 
            [message] => 
        )

)

[09-Oct-2019 00:38:44 America/Bogota] Array
(
    [clase] => Envio
    [accion] => enviarCorreo
    [data] => Array
        (
            [name] => 
            [email] => 
            [phone] => 
            [company] => 
            [message] => 
        )

)

[09-Oct-2019 00:39:03 America/Bogota] Array
(
    [clase] => Envio
    [accion] => enviarCorreo
    [data] => Array
        (
            [name] => 
            [email] => 
            [phone] => 
            [company] => 
            [message] => 
        )

)

[09-Oct-2019 00:39:23 America/Bogota] Array
(
    [clase] => Envio
    [accion] => enviarCorreo
    [data] => Array
        (
            [name] => 
            [email] => 
            [phone] => 
            [company] => 
            [message] => 
        )

)

[09-Oct-2019 00:45:15 America/Bogota] Array
(
    [clase] => Envio
    [accion] => enviarCorreo
    [data] => Array
        (
            [name] => 
            [email] => 
            [phone] => 
            [company] => 
            [message] => 
        )

)

[09-Oct-2019 00:46:52 America/Bogota] Array
(
    [clase] => Envio
    [accion] => enviarCorreo
    [data] => Array
        (
            [name] => 
            [email] => 
            [phone] => 
            [company] => 
            [message] => 
        )

)

[09-Oct-2019 00:47:03 America/Bogota] Array
(
    [clase] => Envio
    [accion] => enviarCorreo
    [data] => Array
        (
            [name] => 
            [email] => 
            [phone] => 
            [company] => 
            [message] => 
        )

)

[09-Oct-2019 00:47:16 America/Bogota] Array
(
    [clase] => Envio
    [accion] => enviarCorreo
    [data] => Array
        (
            [name] => 
            [email] => 
            [phone] => 
            [company] => 
            [message] => 
        )

)

[09-Oct-2019 00:48:29 America/Bogota] Array
(
    [clase] => Envio
    [accion] => enviarCorreo
    [data] => Array
        (
            [name] => 
            [email] => 
            [phone] => 
            [company] => 
            [message] => 
        )

)

[09-Oct-2019 00:49:18 America/Bogota] Array
(
    [clase] => Envio
    [accion] => enviarCorreo
    [data] => Array
        (
            [name] => 
            [email] => 
            [phone] => 
            [company] => 
            [message] => 
        )

)

[09-Oct-2019 22:25:51 America/Bogota] Array
(
    [clase] => Envio
    [accion] => enviarCorreo
    [data] => Array
        (
            [name] => 
            [email] => 
            [phone] => 
            [company] => 
            [message] => 
        )

)

[09-Oct-2019 22:35:58 America/Bogota] Array
(
    [clase] => Envio
    [accion] => enviarCorreo
    [data] => Array
        (
            [name] => 
            [email] => 
            [phone] => 
            [company] => 
            [message] => 
        )

)

[09-Oct-2019 22:38:58 America/Bogota] Array
(
    [clase] => Envio
    [accion] => enviarCorreo
    [data] => Array
        (
            [name] => 
            [email] => 
            [phone] => 
            [company] => 
            [message] => 
        )

)

[09-Oct-2019 22:41:42 America/Bogota] Array
(
    [clase] => Envio
    [accion] => enviarCorreo
    [data] => Array
        (
            [name] => 
            [email] => 
            [phone] => 
            [company] => 
            [message] => 
        )

)

[09-Oct-2019 22:43:17 America/Bogota] Array
(
    [clase] => Envio
    [accion] => enviarCorreo
    [data] => Array
        (
            [name] => 
            [email] => 
            [phone] => 
            [company] => 
            [message] => 
        )

)

[09-Oct-2019 22:52:53 America/Bogota] Array
(
    [clase] => Envio
    [accion] => enviarCorreo
    [data] => Array
        (
            [name] => dsfa
            [email] => cristianfernandoduran@gmail.com
            [phone] => 2
            [company] => dsaf
            [message] => sdasd
        )

)

[09-Oct-2019 22:53:05 America/Bogota] Array
(
    [clase] => Envio
    [accion] => enviarCorreo
    [data] => Array
        (
            [name] => 
            [email] => 
            [phone] => 
            [company] => 
            [message] => 
        )

)

[09-Oct-2019 22:53:30 America/Bogota] Array
(
    [clase] => Envio
    [accion] => enviarCorreo
    [data] => Array
        (
            [name] => 
            [email] => 
            [phone] => 
            [company] => 
            [message] => 
        )

)

[09-Oct-2019 22:53:36 America/Bogota] Array
(
    [clase] => Envio
    [accion] => enviarCorreo
    [data] => Array
        (
            [name] => 
            [email] => 
            [phone] => 
            [company] => 
            [message] => 
        )

)

[09-Oct-2019 22:53:40 America/Bogota] Array
(
    [clase] => Envio
    [accion] => enviarCorreo
    [data] => Array
        (
            [name] => 
            [email] => 
            [phone] => 
            [company] => 
            [message] => 
        )

)

[09-Oct-2019 23:32:12 America/Bogota] Array
(
    [clase] => Envio
    [accion] => enviarCorreo
    [data] => Array
        (
            [name] => wewr
            [email] => wq@erw.com
            [phone] => 23421
            [company] => 234
            [message] => sfsdf ewr ewr wer w rwe
        )

)

